==4911== Memcheck, a memory error detector
==4911== Copyright (C) 2002-2015, and GNU GPL'd, by Julian Seward et al.
==4911== Using Valgrind-3.11.0 and LibVEX; rerun with -h for copyright info
==4911== Command: ./project/kernel/bin/kernel.out
==4911== Parent PID: 3051
==4911== 
==4911== 
==4911== Process terminating with default action of signal 2 (SIGINT)
==4911==    at 0x405F026: futex_abstimed_wait_cancelable (futex-internal.h:205)
==4911==    by 0x405F026: do_futex_wait.constprop.2 (sem_waitcommon.c:115)
==4911== 
==4911== HEAP SUMMARY:
==4911==     in use at exit: 2,398 bytes in 66 blocks
==4911==   total heap usage: 1,652,950 allocs, 1,652,884 frees, 86,269,057 bytes allocated
==4911== 
==4911== 136 bytes in 1 blocks are possibly lost in loss record 6 of 17
==4911==    at 0x402E0B8: calloc (in /usr/lib/valgrind/vgpreload_memcheck-x86-linux.so)
==4911==    by 0x4011726: allocate_dtv (dl-tls.c:322)
==4911==    by 0x401214B: _dl_allocate_tls (dl-tls.c:539)
==4911==    by 0x4057CC3: allocate_stack (allocatestack.c:588)
==4911==    by 0x4057CC3: pthread_create@@GLIBC_2.1 (pthread_create.c:539)
==4911==    by 0x804A1C2: iniciar_planificacion (planificacion.c:28)
==4911==    by 0x8049D22: main (kernel.c:37)
==4911== 
==4911== 136 bytes in 1 blocks are possibly lost in loss record 7 of 17
==4911==    at 0x402E0B8: calloc (in /usr/lib/valgrind/vgpreload_memcheck-x86-linux.so)
==4911==    by 0x4011726: allocate_dtv (dl-tls.c:322)
==4911==    by 0x401214B: _dl_allocate_tls (dl-tls.c:539)
==4911==    by 0x4057CC3: allocate_stack (allocatestack.c:588)
==4911==    by 0x4057CC3: pthread_create@@GLIBC_2.1 (pthread_create.c:539)
==4911==    by 0x804A1E6: iniciar_planificacion (planificacion.c:29)
==4911==    by 0x8049D22: main (kernel.c:37)
==4911== 
==4911== 136 bytes in 1 blocks are possibly lost in loss record 8 of 17
==4911==    at 0x402E0B8: calloc (in /usr/lib/valgrind/vgpreload_memcheck-x86-linux.so)
==4911==    by 0x4011726: allocate_dtv (dl-tls.c:322)
==4911==    by 0x401214B: _dl_allocate_tls (dl-tls.c:539)
==4911==    by 0x4057CC3: allocate_stack (allocatestack.c:588)
==4911==    by 0x4057CC3: pthread_create@@GLIBC_2.1 (pthread_create.c:539)
==4911==    by 0x80492F2: iniciar_conexion_cpu_dispatch (conexion-cpu.c:23)
==4911==    by 0x804A1FD: iniciar_planificacion (planificacion.c:32)
==4911==    by 0x8049D22: main (kernel.c:37)
==4911== 
==4911== 136 bytes in 1 blocks are possibly lost in loss record 9 of 17
==4911==    at 0x402E0B8: calloc (in /usr/lib/valgrind/vgpreload_memcheck-x86-linux.so)
==4911==    by 0x4011726: allocate_dtv (dl-tls.c:322)
==4911==    by 0x401214B: _dl_allocate_tls (dl-tls.c:539)
==4911==    by 0x4057CC3: allocate_stack (allocatestack.c:588)
==4911==    by 0x4057CC3: pthread_create@@GLIBC_2.1 (pthread_create.c:539)
==4911==    by 0x8049B19: iniciar_largo_plazo (planificadores.c:65)
==4911==    by 0x4057294: start_thread (pthread_create.c:333)
==4911==    by 0x41600AD: clone (clone.S:114)
==4911== 
==4911== 136 bytes in 1 blocks are possibly lost in loss record 10 of 17
==4911==    at 0x402E0B8: calloc (in /usr/lib/valgrind/vgpreload_memcheck-x86-linux.so)
==4911==    by 0x4011726: allocate_dtv (dl-tls.c:322)
==4911==    by 0x401214B: _dl_allocate_tls (dl-tls.c:539)
==4911==    by 0x4057CC3: allocate_stack (allocatestack.c:588)
==4911==    by 0x4057CC3: pthread_create@@GLIBC_2.1 (pthread_create.c:539)
==4911==    by 0x804A20F: iniciar_planificacion (planificacion.c:33)
==4911==    by 0x8049D22: main (kernel.c:37)
==4911== 
==4911== 136 bytes in 1 blocks are possibly lost in loss record 11 of 17
==4911==    at 0x402E0B8: calloc (in /usr/lib/valgrind/vgpreload_memcheck-x86-linux.so)
==4911==    by 0x4011726: allocate_dtv (dl-tls.c:322)
==4911==    by 0x401214B: _dl_allocate_tls (dl-tls.c:539)
==4911==    by 0x4057CC3: allocate_stack (allocatestack.c:588)
==4911==    by 0x4057CC3: pthread_create@@GLIBC_2.1 (pthread_create.c:539)
==4911==    by 0x804A233: iniciar_planificacion (planificacion.c:36)
==4911==    by 0x8049D22: main (kernel.c:37)
==4911== 
==4911== 136 bytes in 1 blocks are possibly lost in loss record 12 of 17
==4911==    at 0x402E0B8: calloc (in /usr/lib/valgrind/vgpreload_memcheck-x86-linux.so)
==4911==    by 0x4011726: allocate_dtv (dl-tls.c:322)
==4911==    by 0x401214B: _dl_allocate_tls (dl-tls.c:539)
==4911==    by 0x4057CC3: allocate_stack (allocatestack.c:588)
==4911==    by 0x4057CC3: pthread_create@@GLIBC_2.1 (pthread_create.c:539)
==4911==    by 0x804A257: iniciar_planificacion (planificacion.c:39)
==4911==    by 0x8049D22: main (kernel.c:37)
==4911== 
==4911== 136 bytes in 1 blocks are possibly lost in loss record 13 of 17
==4911==    at 0x402E0B8: calloc (in /usr/lib/valgrind/vgpreload_memcheck-x86-linux.so)
==4911==    by 0x4011726: allocate_dtv (dl-tls.c:322)
==4911==    by 0x401214B: _dl_allocate_tls (dl-tls.c:539)
==4911==    by 0x4057CC3: allocate_stack (allocatestack.c:588)
==4911==    by 0x4057CC3: pthread_create@@GLIBC_2.1 (pthread_create.c:539)
==4911==    by 0x8049D34: main (kernel.c:44)
==4911== 
==4911== LEAK SUMMARY:
==4911==    definitely lost: 0 bytes in 0 blocks
==4911==    indirectly lost: 0 bytes in 0 blocks
==4911==      possibly lost: 1,088 bytes in 8 blocks
==4911==    still reachable: 1,310 bytes in 58 blocks
==4911==         suppressed: 0 bytes in 0 blocks
==4911== Reachable blocks (those to which a pointer was found) are not shown.
==4911== To see them, rerun with: --leak-check=full --show-leak-kinds=all
==4911== 
==4911== For counts of detected and suppressed errors, rerun with: -v
==4911== ERROR SUMMARY: 8 errors from 8 contexts (suppressed: 0 from 0)
