==4900== Memcheck, a memory error detector
==4900== Copyright (C) 2002-2015, and GNU GPL'd, by Julian Seward et al.
==4900== Using Valgrind-3.11.0 and LibVEX; rerun with -h for copyright info
==4900== Command: ./project/cpu/bin/cpu.out
==4900== Parent PID: 3641
==4900== 
==4900== Syscall param socketcall.send(msg) points to uninitialised byte(s)
==4900==    at 0x4060549: send (send.c:35)
==4900==    by 0x804B71B: enviar (utils-cliente.c:38)
==4900==    by 0x804BAE2: enviar_operacion_obtener_marco (utils-cliente.c:173)
==4900==    by 0x804A62E: obtener_marco (cpu.c:450)
==4900==    by 0x804A487: obtener_marco_memoria (cpu.c:401)
==4900==    by 0x804A370: obtener_direccion_fisica_memoria (cpu.c:370)
==4900==    by 0x804A0D8: execute_write (cpu.c:293)
==4900==    by 0x8049E5A: execute (cpu.c:234)
==4900==    by 0x8049BCD: ciclo_instruccion (cpu.c:182)
==4900==    by 0x8049A48: manejar_nueva_conexion_ (cpu.c:133)
==4900==    by 0x4057294: start_thread (pthread_create.c:333)
==4900==    by 0x41600AD: clone (clone.S:114)
==4900==  Address 0x430cf04 is 20 bytes inside a block of size 24 alloc'd
==4900==    at 0x402C17C: malloc (in /usr/lib/valgrind/vgpreload_memcheck-x86-linux.so)
==4900==    by 0x804C20A: serializar_paquete (serializado.c:11)
==4900==    by 0x804B704: enviar (utils-cliente.c:36)
==4900==    by 0x804BAE2: enviar_operacion_obtener_marco (utils-cliente.c:173)
==4900==    by 0x804A62E: obtener_marco (cpu.c:450)
==4900==    by 0x804A487: obtener_marco_memoria (cpu.c:401)
==4900==    by 0x804A370: obtener_direccion_fisica_memoria (cpu.c:370)
==4900==    by 0x804A0D8: execute_write (cpu.c:293)
==4900==    by 0x8049E5A: execute (cpu.c:234)
==4900==    by 0x8049BCD: ciclo_instruccion (cpu.c:182)
==4900==    by 0x8049A48: manejar_nueva_conexion_ (cpu.c:133)
==4900==    by 0x4057294: start_thread (pthread_create.c:333)
==4900==  Uninitialised value was created by a heap allocation
==4900==    at 0x402C17C: malloc (in /usr/lib/valgrind/vgpreload_memcheck-x86-linux.so)
==4900==    by 0x804A5D0: obtener_marco (cpu.c:441)
==4900==    by 0x804A487: obtener_marco_memoria (cpu.c:401)
==4900==    by 0x804A370: obtener_direccion_fisica_memoria (cpu.c:370)
==4900==    by 0x804A0D8: execute_write (cpu.c:293)
==4900==    by 0x8049E5A: execute (cpu.c:234)
==4900==    by 0x8049BCD: ciclo_instruccion (cpu.c:182)
==4900==    by 0x8049A48: manejar_nueva_conexion_ (cpu.c:133)
==4900==    by 0x4057294: start_thread (pthread_create.c:333)
==4900==    by 0x41600AD: clone (clone.S:114)
==4900== 
==4900== 
==4900== Process terminating with default action of signal 2 (SIGINT)
==4900==    at 0x4060264: accept (accept.c:35)
==4900==    by 0x804BF6C: esperar_cliente (utils-servidor.c:48)
==4900==    by 0x8049941: escuchar_dispatch_ (cpu.c:103)
==4900==    by 0x4057294: start_thread (pthread_create.c:333)
==4900==    by 0x41600AD: clone (clone.S:114)
==4900== 
==4900== HEAP SUMMARY:
==4900==     in use at exit: 359,007 bytes in 36,822 blocks
==4900==   total heap usage: 1,472,727 allocs, 1,435,905 frees, 73,730,320 bytes allocated
==4900== 
==4900== 8 bytes in 1 blocks are definitely lost in loss record 2 of 55
==4900==    at 0x402C17C: malloc (in /usr/lib/valgrind/vgpreload_memcheck-x86-linux.so)
==4900==    by 0x804AA9E: empty_buffer (libstatic.c:25)
==4900==    by 0x804AB0C: paquete_create (libstatic.c:43)
==4900==    by 0x80496D0: realizar_handshake_memoria (cpu.c:32)
==4900==    by 0x4057294: start_thread (pthread_create.c:333)
==4900==    by 0x41600AD: clone (clone.S:114)
==4900== 
==4900== 8 bytes in 1 blocks are definitely lost in loss record 3 of 55
==4900==    at 0x402C17C: malloc (in /usr/lib/valgrind/vgpreload_memcheck-x86-linux.so)
==4900==    by 0x804CE5A: paquete_obtener_mensaje_handshake (serializado.c:304)
==4900==    by 0x804978C: realizar_handshake_memoria (cpu.c:49)
==4900==    by 0x4057294: start_thread (pthread_create.c:333)
==4900==    by 0x41600AD: clone (clone.S:114)
==4900== 
==4900== 9 bytes in 1 blocks are definitely lost in loss record 4 of 55
==4900==    at 0x402C17C: malloc (in /usr/lib/valgrind/vgpreload_memcheck-x86-linux.so)
==4900==    by 0x8049767: realizar_handshake_memoria (cpu.c:47)
==4900==    by 0x4057294: start_thread (pthread_create.c:333)
==4900==    by 0x41600AD: clone (clone.S:114)
==4900== 
==4900== 136 bytes in 1 blocks are possibly lost in loss record 15 of 55
==4900==    at 0x402E0B8: calloc (in /usr/lib/valgrind/vgpreload_memcheck-x86-linux.so)
==4900== 
==4900== 136 bytes in 1 blocks are definitely lost in loss record 16 of 55
==4900==    at 0x402E0B8: calloc (in /usr/lib/valgrind/vgpreload_memcheck-x86-linux.so)
==4900==    by 0x4011726: allocate_dtv (dl-tls.c:322)
==4900==    by 0x401214B: _dl_allocate_tls (dl-tls.c:539)
==4900==    by 0x4057CC3: allocate_stack (allocatestack.c:588)
==4900==    by 0x4057CC3: pthread_create@@GLIBC_2.1 (pthread_create.c:539)
==4900==    by 0x804A88E: iniciar_conexion_interrupt (cpu.c:514)
==4900==    by 0x4057294: start_thread (pthread_create.c:333)
==4900==    by 0x41600AD: clone (clone.S:114)
==4900== 
==4900== 264 bytes in 22 blocks are definitely lost in loss record 19 of 55
==4900==    at 0x402C17C: malloc (in /usr/lib/valgrind/vgpreload_memcheck-x86-linux.so)
==4900==    by 0x804ABB4: crear_mensaje_obtener_segunda_tabla (libstatic.c:71)
==4900==    by 0x804A700: obtener_tabla_segundo_nivel (cpu.c:476)
==4900==    by 0x804A41C: obtener_marco_memoria (cpu.c:391)
==4900==    by 0x804A370: obtener_direccion_fisica_memoria (cpu.c:370)
==4900==    by 0x804A0D8: execute_write (cpu.c:293)
==4900==    by 0x8049E5A: execute (cpu.c:234)
==4900==    by 0x8049BCD: ciclo_instruccion (cpu.c:182)
==4900==    by 0x8049A48: manejar_nueva_conexion_ (cpu.c:133)
==4900==    by 0x4057294: start_thread (pthread_create.c:333)
==4900==    by 0x41600AD: clone (clone.S:114)
==4900== 
==4900== 264 (176 direct, 88 indirect) bytes in 22 blocks are definitely lost in loss record 20 of 55
==4900==    at 0x402C17C: malloc (in /usr/lib/valgrind/vgpreload_memcheck-x86-linux.so)
==4900==    by 0x804AA9E: empty_buffer (libstatic.c:25)
==4900==    by 0x804AB0C: paquete_create (libstatic.c:43)
==4900==    by 0x804C15E: recibir_paquete (utils-servidor.c:126)
==4900==    by 0x804A67A: obtener_marco (cpu.c:458)
==4900==    by 0x804A487: obtener_marco_memoria (cpu.c:401)
==4900==    by 0x804A370: obtener_direccion_fisica_memoria (cpu.c:370)
==4900==    by 0x804A0D8: execute_write (cpu.c:293)
==4900==    by 0x8049E5A: execute (cpu.c:234)
==4900==    by 0x8049BCD: ciclo_instruccion (cpu.c:182)
==4900==    by 0x8049A48: manejar_nueva_conexion_ (cpu.c:133)
==4900==    by 0x4057294: start_thread (pthread_create.c:333)
==4900== 
==4900== 288 bytes in 12 blocks are definitely lost in loss record 21 of 55
==4900==    at 0x402C17C: malloc (in /usr/lib/valgrind/vgpreload_memcheck-x86-linux.so)
==4900==    by 0x80490C2: obtener_entrada_tlb (mmu.c:64)
==4900==    by 0x8049090: agregar_pagina_marco_tlb (mmu.c:59)
==4900==    by 0x804A3C0: obtener_direccion_fisica_memoria (cpu.c:381)
==4900==    by 0x804A0D8: execute_write (cpu.c:293)
==4900==    by 0x8049E5A: execute (cpu.c:234)
==4900==    by 0x8049BCD: ciclo_instruccion (cpu.c:182)
==4900==    by 0x8049A48: manejar_nueva_conexion_ (cpu.c:133)
==4900==    by 0x4057294: start_thread (pthread_create.c:333)
==4900==    by 0x41600AD: clone (clone.S:114)
==4900== 
==4900== 336 bytes in 14 blocks are definitely lost in loss record 23 of 55
==4900==    at 0x402C17C: malloc (in /usr/lib/valgrind/vgpreload_memcheck-x86-linux.so)
==4900==    by 0x80490C2: obtener_entrada_tlb (mmu.c:64)
==4900==    by 0x8049090: agregar_pagina_marco_tlb (mmu.c:59)
==4900==    by 0x804A3C0: obtener_direccion_fisica_memoria (cpu.c:381)
==4900==    by 0x804A071: execute_read (cpu.c:280)
==4900==    by 0x8049E0D: execute (cpu.c:230)
==4900==    by 0x8049BCD: ciclo_instruccion (cpu.c:182)
==4900==    by 0x8049A48: manejar_nueva_conexion_ (cpu.c:133)
==4900==    by 0x4057294: start_thread (pthread_create.c:333)
==4900==    by 0x41600AD: clone (clone.S:114)
==4900== 
==4900== 352 (176 direct, 176 indirect) bytes in 22 blocks are definitely lost in loss record 26 of 55
==4900==    at 0x402C17C: malloc (in /usr/lib/valgrind/vgpreload_memcheck-x86-linux.so)
==4900==    by 0x804AA9E: empty_buffer (libstatic.c:25)
==4900==    by 0x804AB0C: paquete_create (libstatic.c:43)
==4900==    by 0x804C15E: recibir_paquete (utils-servidor.c:126)
==4900==    by 0x804A774: obtener_tabla_segundo_nivel (cpu.c:486)
==4900==    by 0x804A41C: obtener_marco_memoria (cpu.c:391)
==4900==    by 0x804A370: obtener_direccion_fisica_memoria (cpu.c:370)
==4900==    by 0x804A0D8: execute_write (cpu.c:293)
==4900==    by 0x8049E5A: execute (cpu.c:234)
==4900==    by 0x8049BCD: ciclo_instruccion (cpu.c:182)
==4900==    by 0x8049A48: manejar_nueva_conexion_ (cpu.c:133)
==4900==    by 0x4057294: start_thread (pthread_create.c:333)
==4900== 
==4900== 352 bytes in 22 blocks are definitely lost in loss record 27 of 55
==4900==    at 0x402C17C: malloc (in /usr/lib/valgrind/vgpreload_memcheck-x86-linux.so)
==4900==    by 0x804ACC7: crear_mensaje_obtener_marco (libstatic.c:115)
==4900==    by 0x804A606: obtener_marco (cpu.c:448)
==4900==    by 0x804A487: obtener_marco_memoria (cpu.c:401)
==4900==    by 0x804A370: obtener_direccion_fisica_memoria (cpu.c:370)
==4900==    by 0x804A0D8: execute_write (cpu.c:293)
==4900==    by 0x8049E5A: execute (cpu.c:234)
==4900==    by 0x8049BCD: ciclo_instruccion (cpu.c:182)
==4900==    by 0x8049A48: manejar_nueva_conexion_ (cpu.c:133)
==4900==    by 0x4057294: start_thread (pthread_create.c:333)
==4900==    by 0x41600AD: clone (clone.S:114)
==4900== 
==4900== 448 bytes in 56 blocks are definitely lost in loss record 29 of 55
==4900==    at 0x402E2CC: realloc (in /usr/lib/valgrind/vgpreload_memcheck-x86-linux.so)
==4900==    by 0x40721D2: _string_array_push (in /usr/lib/libcommons.so)
==4900==    by 0x4072185: _string_split (in /usr/lib/libcommons.so)
==4900==    by 0x40719FA: string_split (in /usr/lib/libcommons.so)
==4900==    by 0x804A7CF: instruccion_obtener_parametro (cpu.c:497)
==4900==    by 0x8049FF7: execute_io (cpu.c:269)
==4900==    by 0x8049DC0: execute (cpu.c:226)
==4900==    by 0x8049BCD: ciclo_instruccion (cpu.c:182)
==4900==    by 0x8049A48: manejar_nueva_conexion_ (cpu.c:133)
==4900==    by 0x4057294: start_thread (pthread_create.c:333)
==4900==    by 0x41600AD: clone (clone.S:114)
==4900== 
==4900== 480 bytes in 40 blocks are definitely lost in loss record 30 of 55
==4900==    at 0x402E2CC: realloc (in /usr/lib/valgrind/vgpreload_memcheck-x86-linux.so)
==4900==    by 0x40721D2: _string_array_push (in /usr/lib/libcommons.so)
==4900==    by 0x4072185: _string_split (in /usr/lib/libcommons.so)
==4900==    by 0x40719FA: string_split (in /usr/lib/libcommons.so)
==4900==    by 0x804A7CF: instruccion_obtener_parametro (cpu.c:497)
==4900==    by 0x804A330: obtener_direccion_fisica_memoria (cpu.c:364)
==4900==    by 0x804A0D8: execute_write (cpu.c:293)
==4900==    by 0x8049E5A: execute (cpu.c:234)
==4900==    by 0x8049BCD: ciclo_instruccion (cpu.c:182)
==4900==    by 0x8049A48: manejar_nueva_conexion_ (cpu.c:133)
==4900==    by 0x4057294: start_thread (pthread_create.c:333)
==4900==    by 0x41600AD: clone (clone.S:114)
==4900== 
==4900== 480 bytes in 40 blocks are definitely lost in loss record 31 of 55
==4900==    at 0x402E2CC: realloc (in /usr/lib/valgrind/vgpreload_memcheck-x86-linux.so)
==4900==    by 0x40721D2: _string_array_push (in /usr/lib/libcommons.so)
==4900==    by 0x4072185: _string_split (in /usr/lib/libcommons.so)
==4900==    by 0x40719FA: string_split (in /usr/lib/libcommons.so)
==4900==    by 0x804A7CF: instruccion_obtener_parametro (cpu.c:497)
==4900==    by 0x804A109: execute_write (cpu.c:300)
==4900==    by 0x8049E5A: execute (cpu.c:234)
==4900==    by 0x8049BCD: ciclo_instruccion (cpu.c:182)
==4900==    by 0x8049A48: manejar_nueva_conexion_ (cpu.c:133)
==4900==    by 0x4057294: start_thread (pthread_create.c:333)
==4900==    by 0x41600AD: clone (clone.S:114)
==4900== 
==4900== 480 bytes in 40 blocks are definitely lost in loss record 32 of 55
==4900==    at 0x402C17C: malloc (in /usr/lib/valgrind/vgpreload_memcheck-x86-linux.so)
==4900==    by 0x804AEC1: crear_mensaje_escritura_dato_fisico (libstatic.c:204)
==4900==    by 0x804A268: escribir_dato_memoria (cpu.c:343)
==4900==    by 0x804A11E: execute_write (cpu.c:302)
==4900==    by 0x8049E5A: execute (cpu.c:234)
==4900==    by 0x8049BCD: ciclo_instruccion (cpu.c:182)
==4900==    by 0x8049A48: manejar_nueva_conexion_ (cpu.c:133)
==4900==    by 0x4057294: start_thread (pthread_create.c:333)
==4900==    by 0x41600AD: clone (clone.S:114)
==4900== 
==4900== 480 (320 direct, 160 indirect) bytes in 40 blocks are definitely lost in loss record 33 of 55
==4900==    at 0x402C17C: malloc (in /usr/lib/valgrind/vgpreload_memcheck-x86-linux.so)
==4900==    by 0x804AA9E: empty_buffer (libstatic.c:25)
==4900==    by 0x804AB0C: paquete_create (libstatic.c:43)
==4900==    by 0x804C15E: recibir_paquete (utils-servidor.c:126)
==4900==    by 0x804A2DC: escribir_dato_memoria (cpu.c:353)
==4900==    by 0x804A11E: execute_write (cpu.c:302)
==4900==    by 0x8049E5A: execute (cpu.c:234)
==4900==    by 0x8049BCD: ciclo_instruccion (cpu.c:182)
==4900==    by 0x8049A48: manejar_nueva_conexion_ (cpu.c:133)
==4900==    by 0x4057294: start_thread (pthread_create.c:333)
==4900==    by 0x41600AD: clone (clone.S:114)
==4900== 
==4900== 594 bytes in 66 blocks are definitely lost in loss record 35 of 55
==4900==    at 0x402C17C: malloc (in /usr/lib/valgrind/vgpreload_memcheck-x86-linux.so)
==4900==    by 0x8049A07: manejar_nueva_conexion_ (cpu.c:126)
==4900==    by 0x4057294: start_thread (pthread_create.c:333)
==4900==    by 0x41600AD: clone (clone.S:114)
==4900== 
==4900== 704 bytes in 88 blocks are definitely lost in loss record 37 of 55
==4900==    at 0x402E2CC: realloc (in /usr/lib/valgrind/vgpreload_memcheck-x86-linux.so)
==4900==    by 0x40721D2: _string_array_push (in /usr/lib/libcommons.so)
==4900==    by 0x4072185: _string_split (in /usr/lib/libcommons.so)
==4900==    by 0x40719FA: string_split (in /usr/lib/libcommons.so)
==4900==    by 0x804A7CF: instruccion_obtener_parametro (cpu.c:497)
==4900==    by 0x804A330: obtener_direccion_fisica_memoria (cpu.c:364)
==4900==    by 0x804A071: execute_read (cpu.c:280)
==4900==    by 0x8049E0D: execute (cpu.c:230)
==4900==    by 0x8049BCD: ciclo_instruccion (cpu.c:182)
==4900==    by 0x8049A48: manejar_nueva_conexion_ (cpu.c:133)
==4900==    by 0x4057294: start_thread (pthread_create.c:333)
==4900==    by 0x41600AD: clone (clone.S:114)
==4900== 
==4900== 704 bytes in 88 blocks are definitely lost in loss record 38 of 55
==4900==    at 0x402C17C: malloc (in /usr/lib/valgrind/vgpreload_memcheck-x86-linux.so)
==4900==    by 0x804ADE5: crear_mensaje_obtener_dato_fisico (libstatic.c:155)
==4900==    by 0x804A50C: obtener_dato_fisico (cpu.c:420)
==4900==    by 0x804A0A1: execute_read (cpu.c:287)
==4900==    by 0x8049E0D: execute (cpu.c:230)
==4900==    by 0x8049BCD: ciclo_instruccion (cpu.c:182)
==4900==    by 0x8049A48: manejar_nueva_conexion_ (cpu.c:133)
==4900==    by 0x4057294: start_thread (pthread_create.c:333)
==4900==    by 0x41600AD: clone (clone.S:114)
==4900== 
==4900== 912 bytes in 76 blocks are definitely lost in loss record 39 of 55
==4900==    at 0x402C17C: malloc (in /usr/lib/valgrind/vgpreload_memcheck-x86-linux.so)
==4900==    by 0x804ABB4: crear_mensaje_obtener_segunda_tabla (libstatic.c:71)
==4900==    by 0x804A700: obtener_tabla_segundo_nivel (cpu.c:476)
==4900==    by 0x804A41C: obtener_marco_memoria (cpu.c:391)
==4900==    by 0x804A370: obtener_direccion_fisica_memoria (cpu.c:370)
==4900==    by 0x804A071: execute_read (cpu.c:280)
==4900==    by 0x8049E0D: execute (cpu.c:230)
==4900==    by 0x8049BCD: ciclo_instruccion (cpu.c:182)
==4900==    by 0x8049A48: manejar_nueva_conexion_ (cpu.c:133)
==4900==    by 0x4057294: start_thread (pthread_create.c:333)
==4900==    by 0x41600AD: clone (clone.S:114)
==4900== 
==4900== 912 (608 direct, 304 indirect) bytes in 76 blocks are definitely lost in loss record 40 of 55
==4900==    at 0x402C17C: malloc (in /usr/lib/valgrind/vgpreload_memcheck-x86-linux.so)
==4900==    by 0x804AA9E: empty_buffer (libstatic.c:25)
==4900==    by 0x804AB0C: paquete_create (libstatic.c:43)
==4900==    by 0x804C15E: recibir_paquete (utils-servidor.c:126)
==4900==    by 0x804A67A: obtener_marco (cpu.c:458)
==4900==    by 0x804A487: obtener_marco_memoria (cpu.c:401)
==4900==    by 0x804A370: obtener_direccion_fisica_memoria (cpu.c:370)
==4900==    by 0x804A071: execute_read (cpu.c:280)
==4900==    by 0x8049E0D: execute (cpu.c:230)
==4900==    by 0x8049BCD: ciclo_instruccion (cpu.c:182)
==4900==    by 0x8049A48: manejar_nueva_conexion_ (cpu.c:133)
==4900==    by 0x4057294: start_thread (pthread_create.c:333)
==4900== 
==4900== 1,056 (704 direct, 352 indirect) bytes in 88 blocks are definitely lost in loss record 41 of 55
==4900==    at 0x402C17C: malloc (in /usr/lib/valgrind/vgpreload_memcheck-x86-linux.so)
==4900==    by 0x804AA9E: empty_buffer (libstatic.c:25)
==4900==    by 0x804AB0C: paquete_create (libstatic.c:43)
==4900==    by 0x804C15E: recibir_paquete (utils-servidor.c:126)
==4900==    by 0x804A580: obtener_dato_fisico (cpu.c:430)
==4900==    by 0x804A0A1: execute_read (cpu.c:287)
==4900==    by 0x8049E0D: execute (cpu.c:230)
==4900==    by 0x8049BCD: ciclo_instruccion (cpu.c:182)
==4900==    by 0x8049A48: manejar_nueva_conexion_ (cpu.c:133)
==4900==    by 0x4057294: start_thread (pthread_create.c:333)
==4900==    by 0x41600AD: clone (clone.S:114)
==4900== 
==4900== 1,216 (608 direct, 608 indirect) bytes in 76 blocks are definitely lost in loss record 42 of 55
==4900==    at 0x402C17C: malloc (in /usr/lib/valgrind/vgpreload_memcheck-x86-linux.so)
==4900==    by 0x804AA9E: empty_buffer (libstatic.c:25)
==4900==    by 0x804AB0C: paquete_create (libstatic.c:43)
==4900==    by 0x804C15E: recibir_paquete (utils-servidor.c:126)
==4900==    by 0x804A774: obtener_tabla_segundo_nivel (cpu.c:486)
==4900==    by 0x804A41C: obtener_marco_memoria (cpu.c:391)
==4900==    by 0x804A370: obtener_direccion_fisica_memoria (cpu.c:370)
==4900==    by 0x804A071: execute_read (cpu.c:280)
==4900==    by 0x8049E0D: execute (cpu.c:230)
==4900==    by 0x8049BCD: ciclo_instruccion (cpu.c:182)
==4900==    by 0x8049A48: manejar_nueva_conexion_ (cpu.c:133)
==4900==    by 0x4057294: start_thread (pthread_create.c:333)
==4900== 
==4900== 1,216 bytes in 76 blocks are definitely lost in loss record 43 of 55
==4900==    at 0x402C17C: malloc (in /usr/lib/valgrind/vgpreload_memcheck-x86-linux.so)
==4900==    by 0x804ACC7: crear_mensaje_obtener_marco (libstatic.c:115)
==4900==    by 0x804A606: obtener_marco (cpu.c:448)
==4900==    by 0x804A487: obtener_marco_memoria (cpu.c:401)
==4900==    by 0x804A370: obtener_direccion_fisica_memoria (cpu.c:370)
==4900==    by 0x804A071: execute_read (cpu.c:280)
==4900==    by 0x8049E0D: execute (cpu.c:230)
==4900==    by 0x8049BCD: ciclo_instruccion (cpu.c:182)
==4900==    by 0x8049A48: manejar_nueva_conexion_ (cpu.c:133)
==4900==    by 0x4057294: start_thread (pthread_create.c:333)
==4900==    by 0x41600AD: clone (clone.S:114)
==4900== 
==4900== 5,992 bytes in 749 blocks are definitely lost in loss record 44 of 55
==4900==    at 0x402C17C: malloc (in /usr/lib/valgrind/vgpreload_memcheck-x86-linux.so)
==4900==    by 0x8049B45: ciclo_instruccion (cpu.c:168)
==4900==    by 0x8049A48: manejar_nueva_conexion_ (cpu.c:133)
==4900==    by 0x4057294: start_thread (pthread_create.c:333)
==4900==    by 0x41600AD: clone (clone.S:114)
==4900== 
==4900== 10,304 (40 direct, 10,264 indirect) bytes in 5 blocks are definitely lost in loss record 46 of 55
==4900==    at 0x402C17C: malloc (in /usr/lib/valgrind/vgpreload_memcheck-x86-linux.so)
==4900==    by 0x804AAF7: paquete_create (libstatic.c:40)
==4900==    by 0x8049F2E: check_interrupt (cpu.c:250)
==4900==    by 0x8049BDE: ciclo_instruccion (cpu.c:185)
==4900==    by 0x8049A48: manejar_nueva_conexion_ (cpu.c:133)
==4900==    by 0x4057294: start_thread (pthread_create.c:333)
==4900==    by 0x41600AD: clone (clone.S:114)
==4900== 
==4900== 11,928 (40 direct, 11,888 indirect) bytes in 5 blocks are definitely lost in loss record 48 of 55
==4900==    at 0x402C17C: malloc (in /usr/lib/valgrind/vgpreload_memcheck-x86-linux.so)
==4900==    by 0x804AAF7: paquete_create (libstatic.c:40)
==4900==    by 0x804A1F0: execute_exit (cpu.c:329)
==4900==    by 0x8049EF5: execute (cpu.c:242)
==4900==    by 0x8049BCD: ciclo_instruccion (cpu.c:182)
==4900==    by 0x8049A48: manejar_nueva_conexion_ (cpu.c:133)
==4900==    by 0x4057294: start_thread (pthread_create.c:333)
==4900==    by 0x41600AD: clone (clone.S:114)
==4900== 
==4900== 113,656 (448 direct, 113,208 indirect) bytes in 56 blocks are definitely lost in loss record 54 of 55
==4900==    at 0x402C17C: malloc (in /usr/lib/valgrind/vgpreload_memcheck-x86-linux.so)
==4900==    by 0x804AAF7: paquete_create (libstatic.c:40)
==4900==    by 0x804A00B: execute_io (cpu.c:272)
==4900==    by 0x8049DC0: execute (cpu.c:226)
==4900==    by 0x8049BCD: ciclo_instruccion (cpu.c:182)
==4900==    by 0x8049A48: manejar_nueva_conexion_ (cpu.c:133)
==4900==    by 0x4057294: start_thread (pthread_create.c:333)
==4900==    by 0x41600AD: clone (clone.S:114)
==4900== 
==4900== 204,464 (2,640 direct, 201,824 indirect) bytes in 66 blocks are definitely lost in loss record 55 of 55
==4900==    at 0x402C17C: malloc (in /usr/lib/valgrind/vgpreload_memcheck-x86-linux.so)
==4900==    by 0x804CB38: paquete_obtener_pcb (serializado.c:234)
==4900==    by 0x8049A29: manejar_nueva_conexion_ (cpu.c:129)
==4900==    by 0x4057294: start_thread (pthread_create.c:333)
==4900==    by 0x41600AD: clone (clone.S:114)
==4900== 
==4900== LEAK SUMMARY:
==4900==    definitely lost: 19,171 bytes in 1,849 blocks
==4900==    indirectly lost: 338,872 bytes in 34,942 blocks
==4900==      possibly lost: 136 bytes in 1 blocks
==4900==    still reachable: 828 bytes in 30 blocks
==4900==         suppressed: 0 bytes in 0 blocks
==4900== Reachable blocks (those to which a pointer was found) are not shown.
==4900== To see them, rerun with: --leak-check=full --show-leak-kinds=all
==4900== 
==4900== For counts of detected and suppressed errors, rerun with: -v
==4900== ERROR SUMMARY: 127 errors from 30 contexts (suppressed: 0 from 0)
